# JRE version: OpenJDK Runtime Environment (11.0.10) (build 11.0.10+0-b96-7249189)
# Java VM: OpenJDK 64-Bit Server VM (11.0.10+0-b96-7249189, mixed mode, tiered, compressed oops, g1 gc, windows-amd64)
Heap:
 garbage-first heap   total 835584K, used 174396K [0x0000000080000000, 0x0000000100000000)
  region size 1024K, 3 young (3072K), 3 survivors (3072K)
 Metaspace       used 142022K, capacity 145711K, committed 146176K, reserved 1177600K
  class space    used 17127K, capacity 18463K, committed 18688K, reserved 1048576K
GC Heap History (20 events):
Event: 14958.333 GC heap after
{Heap after GC invocations=253 (full 0):
 garbage-first heap   total 414720K, used 167699K [0x0000000080000000, 0x0000000100000000)
  region size 1024K, 2 young (2048K), 2 survivors (2048K)
 Metaspace       used 141654K, capacity 145320K, committed 145664K, reserved 1175552K
  class space    used 17120K, capacity 18456K, committed 18688K, reserved 1048576K
}
Event: 14958.698 GC heap before
{Heap before GC invocations=253 (full 0):
 garbage-first heap   total 414720K, used 323347K [0x0000000080000000, 0x0000000100000000)
  region size 1024K, 155 young (158720K), 2 survivors (2048K)
 Metaspace       used 141711K, capacity 145395K, committed 145920K, reserved 1177600K
  class space    used 17120K, capacity 18457K, committed 18688K, reserved 1048576K
}
Event: 14958.712 GC heap after
{Heap after GC invocations=254 (full 0):
 garbage-first heap   total 414720K, used 167970K [0x0000000080000000, 0x0000000100000000)
  region size 1024K, 3 young (3072K), 3 survivors (3072K)
 Metaspace       used 141711K, capacity 145395K, committed 145920K, reserved 1177600K
  class space    used 17120K, capacity 18457K, committed 18688K, reserved 1048576K
}
Event: 14959.493 GC heap before
{Heap before GC invocations=255 (full 0):
 garbage-first heap   total 414720K, used 330786K [0x0000000080000000, 0x0000000100000000)
  region size 1024K, 162 young (165888K), 3 survivors (3072K)
 Metaspace       used 141742K, capacity 145399K, committed 145920K, reserved 1177600K
  class space    used 17120K, capacity 18457K, committed 18688K, reserved 1048576K
}
Event: 14959.514 GC heap after
{Heap after GC invocations=256 (full 0):
 garbage-first heap   total 414720K, used 168592K [0x0000000080000000, 0x0000000100000000)
  region size 1024K, 3 young (3072K), 3 survivors (3072K)
 Metaspace       used 141742K, capacity 145399K, committed 145920K, reserved 1177600K
  class space    used 17120K, capacity 18457K, committed 18688K, reserved 1048576K
}
Event: 14959.559 GC heap before
{Heap before GC invocations=256 (full 0):
 garbage-first heap   total 414720K, used 184976K [0x0000000080000000, 0x0000000100000000)
  region size 1024K, 20 young (20480K), 3 survivors (3072K)
 Metaspace       used 141748K, capacity 145399K, committed 145920K, reserved 1177600K
  class space    used 17120K, capacity 18457K, committed 18688K, reserved 1048576K
}
Event: 14959.581 GC heap after
{Heap after GC invocations=257 (full 0):
 garbage-first heap   total 414720K, used 166970K [0x0000000080000000, 0x0000000100000000)
  region size 1024K, 1 young (1024K), 1 survivors (1024K)
 Metaspace       used 141748K, capacity 145399K, committed 145920K, reserved 1177600K
  class space    used 17120K, capacity 18457K, committed 18688K, reserved 1048576K
}
Event: 14960.079 GC heap before
{Heap before GC invocations=257 (full 0):
 garbage-first heap   total 414720K, used 341050K [0x0000000080000000, 0x0000000100000000)
  region size 1024K, 171 young (175104K), 1 survivors (1024K)
 Metaspace       used 141811K, capacity 145477K, committed 145920K, reserved 1177600K
  class space    used 17122K, capacity 18460K, committed 18688K, reserved 1048576K
}
Event: 14960.101 GC heap after
{Heap after GC invocations=258 (full 0):
 garbage-first heap   total 414720K, used 168513K [0x0000000080000000, 0x0000000100000000)
  region size 1024K, 2 young (2048K), 2 survivors (2048K)
 Metaspace       used 141811K, capacity 145477K, committed 145920K, reserved 1177600K
  class space    used 17122K, capacity 18460K, committed 18688K, reserved 1048576K
}
Event: 14960.920 GC heap before
{Heap before GC invocations=259 (full 0):
 garbage-first heap   total 414720K, used 343617K [0x0000000080000000, 0x0000000100000000)
  region size 1024K, 174 young (178176K), 2 survivors (2048K)
 Metaspace       used 141827K, capacity 145482K, committed 145920K, reserved 1177600K
  class space    used 17123K, capacity 18461K, committed 18688K, reserved 1048576K
}
Event: 14960.944 GC heap after
{Heap after GC invocations=260 (full 0):
 garbage-first heap   total 519168K, used 168512K [0x0000000080000000, 0x0000000100000000)
  region size 1024K, 2 young (2048K), 2 survivors (2048K)
 Metaspace       used 141827K, capacity 145482K, committed 145920K, reserved 1177600K
  class space    used 17123K, capacity 18461K, committed 18688K, reserved 1048576K
}
Event: 14961.126 GC heap before
{Heap before GC invocations=260 (full 0):
 garbage-first heap   total 519168K, used 192064K [0x0000000080000000, 0x0000000100000000)
  region size 1024K, 25 young (25600K), 2 survivors (2048K)
 Metaspace       used 141829K, capacity 145482K, committed 145920K, reserved 1177600K
  class space    used 17123K, capacity 18461K, committed 18688K, reserved 1048576K
}
Event: 14961.133 GC heap after
{Heap after GC invocations=261 (full 0):
 garbage-first heap   total 519168K, used 168555K [0x0000000080000000, 0x0000000100000000)
  region size 1024K, 3 young (3072K), 3 survivors (3072K)
 Metaspace       used 141829K, capacity 145482K, committed 145920K, reserved 1177600K
  class space    used 17123K, capacity 18461K, committed 18688K, reserved 1048576K
}
Event: 14963.939 GC heap before
{Heap before GC invocations=261 (full 0):
 garbage-first heap   total 519168K, used 407147K [0x0000000080000000, 0x0000000100000000)
  region size 1024K, 236 young (241664K), 3 survivors (3072K)
 Metaspace       used 141863K, capacity 145547K, committed 145920K, reserved 1177600K
  class space    used 17126K, capacity 18461K, committed 18688K, reserved 1048576K
}
Event: 14964.156 GC heap after
{Heap after GC invocations=262 (full 0):
 garbage-first heap   total 519168K, used 173910K [0x0000000080000000, 0x0000000100000000)
  region size 1024K, 8 young (8192K), 8 survivors (8192K)
 Metaspace       used 141863K, capacity 145547K, committed 145920K, reserved 1177600K
  class space    used 17126K, capacity 18461K, committed 18688K, reserved 1048576K
}
Event: 14967.302 GC heap before
{Heap before GC invocations=263 (full 0):
 garbage-first heap   total 519168K, used 442198K [0x0000000080000000, 0x0000000100000000)
  region size 1024K, 270 young (276480K), 8 survivors (8192K)
 Metaspace       used 141947K, capacity 145621K, committed 145920K, reserved 1177600K
  class space    used 17127K, capacity 18463K, committed 18688K, reserved 1048576K
}
Event: 14967.354 GC heap after
{Heap after GC invocations=264 (full 0):
 garbage-first heap   total 519168K, used 178590K [0x0000000080000000, 0x0000000100000000)
  region size 1024K, 12 young (12288K), 12 survivors (12288K)
 Metaspace       used 141947K, capacity 145621K, committed 145920K, reserved 1177600K
  class space    used 17127K, capacity 18463K, committed 18688K, reserved 1048576K
}
Event: 14967.397 GC heap before
{Heap before GC invocations=264 (full 0):
 garbage-first heap   total 519168K, used 191902K [0x0000000080000000, 0x0000000100000000)
  region size 1024K, 25 young (25600K), 12 survivors (12288K)
 Metaspace       used 141947K, capacity 145621K, committed 145920K, reserved 1177600K
  class space    used 17127K, capacity 18463K, committed 18688K, reserved 1048576K
}
Event: 14967.554 GC heap after
{Heap after GC invocations=265 (full 0):
 garbage-first heap   total 519168K, used 174714K [0x0000000080000000, 0x0000000100000000)
  region size 1024K, 3 young (3072K), 3 survivors (3072K)
 Metaspace       used 141947K, capacity 145621K, committed 145920K, reserved 1177600K
  class space    used 17127K, capacity 18463K, committed 18688K, reserved 1048576K
}
Event: 14968.318 GC heap before
{Heap before GC invocations=265 (full 0):
 garbage-first heap   total 519168K, used 260730K [0x0000000080000000, 0x0000000100000000)
  region size 1024K, 88 young (90112K), 3 survivors (3072K)
 Metaspace       used 142022K, capacity 145711K, committed 146176K, reserved 1177600K
  class space    used 17127K, capacity 18463K, committed 18688K, reserved 1048576K
}

